2025-04-22 23:13:25 ❌ No se encontró imagen: /home1/corazon/public_html/uploads/67f72d0d3b2bb_WhatsApp Image 2025-03-28 at 7.56.31 AM 3.jpeg
2025-04-22 23:13:25 ❌ No se encontró imagen: /home1/corazon/public_html/uploads/foto_67fc9cbb8ad77_bb01df01-7bb8-4943-8da8-1a8058071a09.jpeg
2025-04-22 23:17:04 ❌ No se encontró imagen: /home1/corazon/public_html/uploads/67f72d0d3b2bb_WhatsApp_Image_2025-03-28_at_7.56.31_AM_3.jpeg
2025-04-22 23:17:04 ❌ No se encontró imagen: /home1/corazon/public_html/uploads/foto_67fc9cbb8ad77_bb01df01-7bb8-4943-8da8-1a8058071a09.jpeg
2025-04-22 23:18:07 ❌ No se encontró imagen: /home1/corazon/public_html/uploads/67f72d0d3b2bb_WhatsApp_Image_2025-03-28_at_7.56.31_AM_3.jpeg
2025-04-22 23:18:07 ❌ No se encontró imagen: /home1/corazon/public_html/uploads/foto_67fc9cbb8ad77_bb01df01-7bb8-4943-8da8-1a8058071a09.jpeg
2025-04-22 23:28:07 ❌ No se encontró imagen: /home1/corazon/public_html/uploads/67f72d0d3b2bb_WhatsApp_Image_2025-03-28_at_7.56.31_AM_3.jpeg
2025-04-22 23:28:07 ❌ No se encontró imagen: /home1/corazon/public_html/uploads/foto_67fc9cbb8ad77_bb01df01-7bb8-4943-8da8-1a8058071a09.jpeg
2025-04-22 23:29:34 ❌ No se encontró imagen: /home1/corazon/public_html/uploads/67f72d0d3b2bb_image.jpeg
2025-04-22 23:29:34 ❌ No se encontró imagen: /home1/corazon/public_html/uploads/foto_67fc9cbb8ad77_bb01df01-7bb8-4943-8da8-1a8058071a09.jpeg
2025-04-23 12:59:26 ❌ No se encontró imagen: /home1/corazon/public_html/uploads/foto_2504_0092.jpg
2025-04-30 16:33:09 ❌ No se encontró imagen: /home1/corazon/public_html/uploads/foto_2504_0110.jpg
2025-04-30 17:55:25 ❌ No se encontró imagen: /home1/corazon/public_html/uploads/67f72d0d3b2bb_image.jpeg
2025-04-30 17:55:25 ❌ No se encontró imagen: /home1/corazon/public_html/uploads/foto_67fc9cbb8ad77_bb01df01-7bb8-4943-8da8-1a8058071a09.jpeg
2025-05-06 17:31:08 ❌ No se encontró imagen: /home1/corazon/public_html/uploads/foto_680840cfad9d7_IMG_2060.jpeg
2025-05-08 12:52:38 ❌ No se encontró imagen: /home1/corazon/public_html/uploads/foto_2504_0092.jpg
2025-05-08 12:52:52 ❌ No se encontró imagen: /home1/corazon/public_html/uploads/foto_2504_0092.jpg
2025-05-08 12:53:14 ❌ No se encontró imagen: /home1/corazon/public_html/uploads/foto_2504_0092.jpg
2025-05-08 12:55:58 ❌ No se encontró imagen: /home1/corazon/public_html/uploads/foto_2504_0092.jpg
2025-05-08 12:56:21 ❌ No se encontró imagen: /home1/corazon/public_html/uploads/foto_2504_0092.jpg
2025-05-08 12:56:24 ❌ No se encontró imagen: /home1/corazon/public_html/uploads/foto_2504_0092.jpg
2025-05-08 12:56:35 ❌ No se encontró imagen: /home1/corazon/public_html/uploads/foto_2504_0092.jpg
2025-05-08 12:56:35 ❌ No se encontró imagen: /home1/corazon/public_html/uploads/foto_2504_0092.jpg
2025-05-08 12:56:35 ❌ No se encontró imagen: /home1/corazon/public_html/uploads/foto_2504_0092.jpg
2025-05-08 13:00:04 ❌ No se encontró imagen: /home1/corazon/public_html/uploads/foto_2504_0092.jpg
2025-05-08 13:03:56 ❌ No se encontró imagen: /home1/corazon/public_html/uploads/foto_2504_0092.jpg
2025-05-08 22:50:27 ❌ No se encontró imagen: /home1/corazon/public_html/uploads/68139bf4050fe_13edb036-5ca2-4ad0-87b7-10c1a3e3ed81.jpeg
2025-05-09 22:56:48 ❌ No se encontró imagen: /home1/corazon/public_html/uploads/681cc4495a819_IMG_3909.png
2025-05-09 22:56:48 ❌ No se encontró imagen: /home1/corazon/public_html/uploads/foto_2505_0129.jpg
2025-05-09 22:59:02 ❌ No se encontró imagen: /home1/corazon/public_html/uploads/6807c5ae34adc_IMG_20250421_135646.jpg
2025-05-19 23:28:46 ❌ No se encontró imagen: /home1/corazon/public_html/uploads/682b80b0a21a8_0b779198-0639-430d-85d6-2da993e7b20c.jpeg
2025-05-27 19:06:25 ❌ No se encontró imagen: /home1/corazon/public_html/uploads/67f72d0d3b2bb_image.jpeg
2025-05-27 19:06:25 ❌ No se encontró imagen: /home1/corazon/public_html/uploads/foto_67fc9cbb8ad77_bb01df01-7bb8-4943-8da8-1a8058071a09.jpeg
